<?xml version="1.0" encoding="UTF-8"?>
<testng-results total="3" passed="3" failed="0" skipped="0">
  <reporter-output>
  </reporter-output>
  <suite started-at="2020-06-29T16:58:28Z" name="Suite" finished-at="2020-06-29T16:58:56Z" duration-ms="28696">
    <groups>
    </groups>
    <test started-at="2020-06-29T16:58:28Z" name="Test" finished-at="2020-06-29T16:58:56Z" duration-ms="28696">
      <class name="com.qa.tests.ApiTest">
        <test-method signature="apitesting()[pri:0, instance:com.qa.tests.ApiTest@205d38da]" started-at="2020-06-29T09:58:28Z" name="apitesting" finished-at="2020-06-29T09:58:39Z" duration-ms="11811" status="PASS">
          <reporter-output>
          </reporter-output>
        </test-method> <!-- apitesting -->
        <test-method signature="retrieverbreed()[pri:0, instance:com.qa.tests.ApiTest@205d38da]" started-at="2020-06-29T09:58:39Z" name="retrieverbreed" finished-at="2020-06-29T09:58:48Z" duration-ms="8507" status="PASS">
          <reporter-output>
          </reporter-output>
        </test-method> <!-- retrieverbreed -->
        <test-method signature="subbreedretriever()[pri:0, instance:com.qa.tests.ApiTest@205d38da]" started-at="2020-06-29T09:58:48Z" name="subbreedretriever" finished-at="2020-06-29T09:58:56Z" duration-ms="8340" status="PASS">
          <reporter-output>
          </reporter-output>
        </test-method> <!-- subbreedretriever -->
      </class> <!-- com.qa.tests.ApiTest -->
    </test> <!-- Test -->
  </suite> <!-- Suite -->
</testng-results>
