<?xml version="1.0" encoding="UTF-8"?>
<!-- Generated by org.testng.reporters.JUnitXMLReporter -->
<testsuite hostname="DESKTOP-27FI6T9" failures="0" tests="3" name="Default test" time="28.734" errors="0" timestamp="29 Jun 2020 16:57:53 GMT">
  <testcase classname="com.qa.tests.ApiTest" name="apitesting" time="11.843"/>
  <testcase classname="com.qa.tests.ApiTest" name="retrieverbreed" time="8.468"/>
  <testcase classname="com.qa.tests.ApiTest" name="subbreedretriever" time="8.359"/>
</testsuite> <!-- Default test -->
